c:\users\home7\documents\github\cs-lab\waterfall\waterfallweek2\waterfallweek2\obj\debug\ofxbutton.obj
c:\users\home7\documents\github\cs-lab\waterfall\waterfallweek2\waterfallweek2\obj\debug\ofxinputfield.obj
c:\users\home7\documents\github\cs-lab\waterfall\waterfallweek2\waterfallweek2\obj\debug\main.obj
c:\users\home7\documents\github\cs-lab\waterfall\waterfallweek2\waterfallweek2\obj\debug\ofxguigroup.obj
c:\users\home7\documents\github\cs-lab\waterfall\waterfallweek2\waterfallweek2\obj\debug\ofxslider.obj
c:\users\home7\documents\github\cs-lab\waterfall\waterfallweek2\waterfallweek2\obj\debug\ofxbasegui.obj
c:\users\home7\documents\github\cs-lab\waterfall\waterfallweek2\waterfallweek2\obj\debug\ofxpanel.obj
c:\users\home7\documents\github\cs-lab\waterfall\waterfallweek2\waterfallweek2\obj\debug\ofxtoggle.obj
c:\users\home7\documents\github\cs-lab\waterfall\waterfallweek2\waterfallweek2\obj\debug\ofxcolorpicker.obj
c:\users\home7\documents\github\cs-lab\waterfall\waterfallweek2\waterfallweek2\obj\debug\ofxlabel.obj
c:\users\home7\documents\github\cs-lab\waterfall\waterfallweek2\waterfallweek2\obj\debug\ofxslidergroup.obj
c:\users\home7\documents\github\cs-lab\waterfall\waterfallweek2\waterfallweek2\obj\debug\vc142.pdb
c:\users\home7\documents\github\cs-lab\waterfall\waterfallweek2\waterfallweek2\obj\debug\ofapp.obj
c:\users\home7\documents\github\cs-lab\waterfall\waterfallweek2\waterfallweek2\bin\waterfallweek2_debug.exe
c:\users\home7\documents\github\cs-lab\waterfall\waterfallweek2\waterfallweek2\bin\waterfallweek2_debug.ilk
c:\users\home7\documents\github\cs-lab\waterfall\waterfallweek2\waterfallweek2\bin\waterfallweek2_debug.pdb
c:\users\home7\documents\github\cs-lab\waterfall\waterfallweek2\waterfallweek2\obj\debug\icon.res
c:\users\home7\documents\github\cs-lab\waterfall\waterfallweek2\waterfallweek2\bin\waterfallweek2_debug.lib
c:\users\home7\documents\github\cs-lab\waterfall\waterfallweek2\waterfallweek2\bin\waterfallweek2_debug.exp
c:\users\home7\documents\github\cs-lab\waterfall\waterfallweek2\waterfallweek2\obj\debug\vc141.pdb
c:\users\home7\documents\github\cs-lab\waterfall\waterfallweek2\waterfallweek2\obj\debug\waterfallweek2.tlog\cl.command.1.tlog
c:\users\home7\documents\github\cs-lab\waterfall\waterfallweek2\waterfallweek2\obj\debug\waterfallweek2.tlog\cl.read.1.tlog
c:\users\home7\documents\github\cs-lab\waterfall\waterfallweek2\waterfallweek2\obj\debug\waterfallweek2.tlog\cl.write.1.tlog
c:\users\home7\documents\github\cs-lab\waterfall\waterfallweek2\waterfallweek2\obj\debug\waterfallweek2.tlog\link.command.1.tlog
c:\users\home7\documents\github\cs-lab\waterfall\waterfallweek2\waterfallweek2\obj\debug\waterfallweek2.tlog\link.read.1.tlog
c:\users\home7\documents\github\cs-lab\waterfall\waterfallweek2\waterfallweek2\obj\debug\waterfallweek2.tlog\link.write.1.tlog
c:\users\home7\documents\github\cs-lab\waterfall\waterfallweek2\waterfallweek2\obj\debug\waterfallweek2.tlog\rc.command.1.tlog
c:\users\home7\documents\github\cs-lab\waterfall\waterfallweek2\waterfallweek2\obj\debug\waterfallweek2.tlog\rc.read.1.tlog
c:\users\home7\documents\github\cs-lab\waterfall\waterfallweek2\waterfallweek2\obj\debug\waterfallweek2.tlog\rc.write.1.tlog
c:\users\home7\documents\github\cs-lab\waterfall\waterfallweek2\waterfallweek2\obj\debug\waterfallweek2.tlog\waterfallweek2.write.1u.tlog
