  ofxBaseGui.cpp
  ofxButton.cpp
  ofxColorPicker.cpp
  ofxGuiGroup.cpp
C:\of_v0.11.2_vs2017_release\libs\openFrameworks\utils\ofUtils.h(1,1): warning C4819: 현재 코드 페이지(949)에서 표시할 수 없는 문자가 파일에 들어 있습니다. 데이터가 손실되지 않게 하려면 해당 파일을 유니코드 형식으로 저장하십시오. (소스 파일 컴파일 중 ..\..\..\..\..\..\..\..\of_v0.11.2_vs2017_release\addons\ofxGui\src\ofxBaseGui.cpp)
C:\of_v0.11.2_vs2017_release\libs\openFrameworks\utils\ofUtils.h(1,1): warning C4819: 현재 코드 페이지(949)에서 표시할 수 없는 문자가 파일에 들어 있습니다. 데이터가 손실되지 않게 하려면 해당 파일을 유니코드 형식으로 저장하십시오. (소스 파일 컴파일 중 ..\..\..\..\..\..\..\..\of_v0.11.2_vs2017_release\addons\ofxGui\src\ofxGuiGroup.cpp)
C:\of_v0.11.2_vs2017_release\libs\openFrameworks\utils\ofUtils.h(1,1): warning C4819: 현재 코드 페이지(949)에서 표시할 수 없는 문자가 파일에 들어 있습니다. 데이터가 손실되지 않게 하려면 해당 파일을 유니코드 형식으로 저장하십시오. (소스 파일 컴파일 중 ..\..\..\..\..\..\..\..\of_v0.11.2_vs2017_release\addons\ofxGui\src\ofxButton.cpp)
C:\of_v0.11.2_vs2017_release\libs\openFrameworks\utils\ofUtils.h(1,1): warning C4819: 현재 코드 페이지(949)에서 표시할 수 없는 문자가 파일에 들어 있습니다. 데이터가 손실되지 않게 하려면 해당 파일을 유니코드 형식으로 저장하십시오. (소스 파일 컴파일 중 ..\..\..\..\..\..\..\..\of_v0.11.2_vs2017_release\addons\ofxGui\src\ofxColorPicker.cpp)
C:\of_v0.11.2_vs2017_release\libs\openFrameworks\math\ofVec3f.h(1,1): warning C4819: 현재 코드 페이지(949)에서 표시할 수 없는 문자가 파일에 들어 있습니다. 데이터가 손실되지 않게 하려면 해당 파일을 유니코드 형식으로 저장하십시오. (소스 파일 컴파일 중 ..\..\..\..\..\..\..\..\of_v0.11.2_vs2017_release\addons\ofxGui\src\ofxBaseGui.cpp)
C:\of_v0.11.2_vs2017_release\libs\openFrameworks\math\ofVec2f.h(1,1): warning C4819: 현재 코드 페이지(949)에서 표시할 수 없는 문자가 파일에 들어 있습니다. 데이터가 손실되지 않게 하려면 해당 파일을 유니코드 형식으로 저장하십시오. (소스 파일 컴파일 중 ..\..\..\..\..\..\..\..\of_v0.11.2_vs2017_release\addons\ofxGui\src\ofxBaseGui.cpp)
C:\of_v0.11.2_vs2017_release\libs\openFrameworks\math\ofVec3f.h(1,1): warning C4819: 현재 코드 페이지(949)에서 표시할 수 없는 문자가 파일에 들어 있습니다. 데이터가 손실되지 않게 하려면 해당 파일을 유니코드 형식으로 저장하십시오. (소스 파일 컴파일 중 ..\..\..\..\..\..\..\..\of_v0.11.2_vs2017_release\addons\ofxGui\src\ofxGuiGroup.cpp)
C:\of_v0.11.2_vs2017_release\libs\openFrameworks\math\ofVec2f.h(1,1): warning C4819: 현재 코드 페이지(949)에서 표시할 수 없는 문자가 파일에 들어 있습니다. 데이터가 손실되지 않게 하려면 해당 파일을 유니코드 형식으로 저장하십시오. (소스 파일 컴파일 중 ..\..\..\..\..\..\..\..\of_v0.11.2_vs2017_release\addons\ofxGui\src\ofxGuiGroup.cpp)
C:\of_v0.11.2_vs2017_release\libs\openFrameworks\math\ofVec3f.h(1,1): warning C4819: 현재 코드 페이지(949)에서 표시할 수 없는 문자가 파일에 들어 있습니다. 데이터가 손실되지 않게 하려면 해당 파일을 유니코드 형식으로 저장하십시오. (소스 파일 컴파일 중 ..\..\..\..\..\..\..\..\of_v0.11.2_vs2017_release\addons\ofxGui\src\ofxButton.cpp)
C:\of_v0.11.2_vs2017_release\libs\openFrameworks\math\ofVec2f.h(1,1): warning C4819: 현재 코드 페이지(949)에서 표시할 수 없는 문자가 파일에 들어 있습니다. 데이터가 손실되지 않게 하려면 해당 파일을 유니코드 형식으로 저장하십시오. (소스 파일 컴파일 중 ..\..\..\..\..\..\..\..\of_v0.11.2_vs2017_release\addons\ofxGui\src\ofxButton.cpp)
C:\of_v0.11.2_vs2017_release\libs\openFrameworks\math\ofVec3f.h(1,1): warning C4819: 현재 코드 페이지(949)에서 표시할 수 없는 문자가 파일에 들어 있습니다. 데이터가 손실되지 않게 하려면 해당 파일을 유니코드 형식으로 저장하십시오. (소스 파일 컴파일 중 ..\..\..\..\..\..\..\..\of_v0.11.2_vs2017_release\addons\ofxGui\src\ofxColorPicker.cpp)
C:\of_v0.11.2_vs2017_release\libs\openFrameworks\math\ofVec2f.h(1,1): warning C4819: 현재 코드 페이지(949)에서 표시할 수 없는 문자가 파일에 들어 있습니다. 데이터가 손실되지 않게 하려면 해당 파일을 유니코드 형식으로 저장하십시오. (소스 파일 컴파일 중 ..\..\..\..\..\..\..\..\of_v0.11.2_vs2017_release\addons\ofxGui\src\ofxColorPicker.cpp)
  Info: Boost.Config is older than your compiler version - probably nothing bad will happen - but you may wish to look for an update Boost version.  Define BOOST_CONFIG_SUPPRESS_OUTDATED_MESSAGE to suppress this message.
  Info: Boost.Config is older than your compiler version - probably nothing bad will happen - but you may wish to look for an update Boost version.  Define BOOST_CONFIG_SUPPRESS_OUTDATED_MESSAGE to suppress this message.
  Info: Boost.Config is older than your compiler version - probably nothing bad will happen - but you may wish to look for an update Boost version.  Define BOOST_CONFIG_SUPPRESS_OUTDATED_MESSAGE to suppress this message.
  Info: Boost.Config is older than your compiler version - probably nothing bad will happen - but you may wish to look for an update Boost version.  Define BOOST_CONFIG_SUPPRESS_OUTDATED_MESSAGE to suppress this message.
  ofxInputField.cpp
  ofxLabel.cpp
C:\of_v0.11.2_vs2017_release\libs\openFrameworks\utils\ofUtils.h(1,1): warning C4819: 현재 코드 페이지(949)에서 표시할 수 없는 문자가 파일에 들어 있습니다. 데이터가 손실되지 않게 하려면 해당 파일을 유니코드 형식으로 저장하십시오. (소스 파일 컴파일 중 ..\..\..\..\..\..\..\..\of_v0.11.2_vs2017_release\addons\ofxGui\src\ofxInputField.cpp)
  ofxPanel.cpp
C:\of_v0.11.2_vs2017_release\libs\openFrameworks\math\ofVec3f.h(1,1): warning C4819: 현재 코드 페이지(949)에서 표시할 수 없는 문자가 파일에 들어 있습니다. 데이터가 손실되지 않게 하려면 해당 파일을 유니코드 형식으로 저장하십시오. (소스 파일 컴파일 중 ..\..\..\..\..\..\..\..\of_v0.11.2_vs2017_release\addons\ofxGui\src\ofxInputField.cpp)
C:\of_v0.11.2_vs2017_release\libs\openFrameworks\math\ofVec2f.h(1,1): warning C4819: 현재 코드 페이지(949)에서 표시할 수 없는 문자가 파일에 들어 있습니다. 데이터가 손실되지 않게 하려면 해당 파일을 유니코드 형식으로 저장하십시오. (소스 파일 컴파일 중 ..\..\..\..\..\..\..\..\of_v0.11.2_vs2017_release\addons\ofxGui\src\ofxInputField.cpp)
C:\of_v0.11.2_vs2017_release\libs\openFrameworks\utils\ofUtils.h(1,1): warning C4819: 현재 코드 페이지(949)에서 표시할 수 없는 문자가 파일에 들어 있습니다. 데이터가 손실되지 않게 하려면 해당 파일을 유니코드 형식으로 저장하십시오. (소스 파일 컴파일 중 ..\..\..\..\..\..\..\..\of_v0.11.2_vs2017_release\addons\ofxGui\src\ofxLabel.cpp)
  Info: Boost.Config is older than your compiler version - probably nothing bad will happen - but you may wish to look for an update Boost version.  Define BOOST_CONFIG_SUPPRESS_OUTDATED_MESSAGE to suppress this message.
C:\of_v0.11.2_vs2017_release\libs\openFrameworks\math\ofVec3f.h(1,1): warning C4819: 현재 코드 페이지(949)에서 표시할 수 없는 문자가 파일에 들어 있습니다. 데이터가 손실되지 않게 하려면 해당 파일을 유니코드 형식으로 저장하십시오. (소스 파일 컴파일 중 ..\..\..\..\..\..\..\..\of_v0.11.2_vs2017_release\addons\ofxGui\src\ofxLabel.cpp)
C:\of_v0.11.2_vs2017_release\libs\openFrameworks\math\ofVec2f.h(1,1): warning C4819: 현재 코드 페이지(949)에서 표시할 수 없는 문자가 파일에 들어 있습니다. 데이터가 손실되지 않게 하려면 해당 파일을 유니코드 형식으로 저장하십시오. (소스 파일 컴파일 중 ..\..\..\..\..\..\..\..\of_v0.11.2_vs2017_release\addons\ofxGui\src\ofxLabel.cpp)
  Info: Boost.Config is older than your compiler version - probably nothing bad will happen - but you may wish to look for an update Boost version.  Define BOOST_CONFIG_SUPPRESS_OUTDATED_MESSAGE to suppress this message.
C:\of_v0.11.2_vs2017_release\libs\openFrameworks\utils\ofUtils.h(1,1): warning C4819: 현재 코드 페이지(949)에서 표시할 수 없는 문자가 파일에 들어 있습니다. 데이터가 손실되지 않게 하려면 해당 파일을 유니코드 형식으로 저장하십시오. (소스 파일 컴파일 중 ..\..\..\..\..\..\..\..\of_v0.11.2_vs2017_release\addons\ofxGui\src\ofxPanel.cpp)
C:\of_v0.11.2_vs2017_release\libs\openFrameworks\math\ofVec3f.h(1,1): warning C4819: 현재 코드 페이지(949)에서 표시할 수 없는 문자가 파일에 들어 있습니다. 데이터가 손실되지 않게 하려면 해당 파일을 유니코드 형식으로 저장하십시오. (소스 파일 컴파일 중 ..\..\..\..\..\..\..\..\of_v0.11.2_vs2017_release\addons\ofxGui\src\ofxPanel.cpp)
C:\of_v0.11.2_vs2017_release\libs\openFrameworks\math\ofVec2f.h(1,1): warning C4819: 현재 코드 페이지(949)에서 표시할 수 없는 문자가 파일에 들어 있습니다. 데이터가 손실되지 않게 하려면 해당 파일을 유니코드 형식으로 저장하십시오. (소스 파일 컴파일 중 ..\..\..\..\..\..\..\..\of_v0.11.2_vs2017_release\addons\ofxGui\src\ofxPanel.cpp)
  Info: Boost.Config is older than your compiler version - probably nothing bad will happen - but you may wish to look for an update Boost version.  Define BOOST_CONFIG_SUPPRESS_OUTDATED_MESSAGE to suppress this message.
  ofxSlider.cpp
C:\of_v0.11.2_vs2017_release\addons\ofxGui\src\ofxInputField.cpp(276,23): warning C4018: '<': signed 또는 unsigned가 일치하지 않습니다.
C:\of_v0.11.2_vs2017_release\addons\ofxGui\src\ofxInputField.cpp(265): message : 클래스 템플릿 멤버 함수 'void ofxInputField<float>::moveCursor(int)'을(를) 컴파일하는 중입니다.
C:\of_v0.11.2_vs2017_release\addons\ofxGui\src\ofxInputField.cpp(368): message : 컴파일되는 함수 템플릿 인스턴스화 'void ofxInputField<float>::moveCursor(int)'에 대한 참조를 확인하세요.
C:\of_v0.11.2_vs2017_release\addons\ofxGui\src\ofxInputField.cpp(805): message : 컴파일되는 클래스 템플릿 인스턴스화 'ofxInputField<float>'에 대한 참조를 확인하세요.
C:\of_v0.11.2_vs2017_release\libs\openFrameworks\utils\ofUtils.h(1,1): warning C4819: 현재 코드 페이지(949)에서 표시할 수 없는 문자가 파일에 들어 있습니다. 데이터가 손실되지 않게 하려면 해당 파일을 유니코드 형식으로 저장하십시오. (소스 파일 컴파일 중 ..\..\..\..\..\..\..\..\of_v0.11.2_vs2017_release\addons\ofxGui\src\ofxSlider.cpp)
C:\of_v0.11.2_vs2017_release\libs\openFrameworks\math\ofVec3f.h(1,1): warning C4819: 현재 코드 페이지(949)에서 표시할 수 없는 문자가 파일에 들어 있습니다. 데이터가 손실되지 않게 하려면 해당 파일을 유니코드 형식으로 저장하십시오. (소스 파일 컴파일 중 ..\..\..\..\..\..\..\..\of_v0.11.2_vs2017_release\addons\ofxGui\src\ofxSlider.cpp)
C:\of_v0.11.2_vs2017_release\libs\openFrameworks\math\ofVec2f.h(1,1): warning C4819: 현재 코드 페이지(949)에서 표시할 수 없는 문자가 파일에 들어 있습니다. 데이터가 손실되지 않게 하려면 해당 파일을 유니코드 형식으로 저장하십시오. (소스 파일 컴파일 중 ..\..\..\..\..\..\..\..\of_v0.11.2_vs2017_release\addons\ofxGui\src\ofxSlider.cpp)
  ofxSliderGroup.cpp
  Info: Boost.Config is older than your compiler version - probably nothing bad will happen - but you may wish to look for an update Boost version.  Define BOOST_CONFIG_SUPPRESS_OUTDATED_MESSAGE to suppress this message.
C:\of_v0.11.2_vs2017_release\libs\openFrameworks\utils\ofUtils.h(1,1): warning C4819: 현재 코드 페이지(949)에서 표시할 수 없는 문자가 파일에 들어 있습니다. 데이터가 손실되지 않게 하려면 해당 파일을 유니코드 형식으로 저장하십시오. (소스 파일 컴파일 중 ..\..\..\..\..\..\..\..\of_v0.11.2_vs2017_release\addons\ofxGui\src\ofxSliderGroup.cpp)
  ofxToggle.cpp
C:\of_v0.11.2_vs2017_release\libs\openFrameworks\math\ofVec3f.h(1,1): warning C4819: 현재 코드 페이지(949)에서 표시할 수 없는 문자가 파일에 들어 있습니다. 데이터가 손실되지 않게 하려면 해당 파일을 유니코드 형식으로 저장하십시오. (소스 파일 컴파일 중 ..\..\..\..\..\..\..\..\of_v0.11.2_vs2017_release\addons\ofxGui\src\ofxSliderGroup.cpp)
C:\of_v0.11.2_vs2017_release\libs\openFrameworks\math\ofVec2f.h(1,1): warning C4819: 현재 코드 페이지(949)에서 표시할 수 없는 문자가 파일에 들어 있습니다. 데이터가 손실되지 않게 하려면 해당 파일을 유니코드 형식으로 저장하십시오. (소스 파일 컴파일 중 ..\..\..\..\..\..\..\..\of_v0.11.2_vs2017_release\addons\ofxGui\src\ofxSliderGroup.cpp)
  Info: Boost.Config is older than your compiler version - probably nothing bad will happen - but you may wish to look for an update Boost version.  Define BOOST_CONFIG_SUPPRESS_OUTDATED_MESSAGE to suppress this message.
C:\of_v0.11.2_vs2017_release\libs\openFrameworks\utils\ofUtils.h(1,1): warning C4819: 현재 코드 페이지(949)에서 표시할 수 없는 문자가 파일에 들어 있습니다. 데이터가 손실되지 않게 하려면 해당 파일을 유니코드 형식으로 저장하십시오. (소스 파일 컴파일 중 ..\..\..\..\..\..\..\..\of_v0.11.2_vs2017_release\addons\ofxGui\src\ofxToggle.cpp)
C:\of_v0.11.2_vs2017_release\libs\openFrameworks\math\ofVec3f.h(1,1): warning C4819: 현재 코드 페이지(949)에서 표시할 수 없는 문자가 파일에 들어 있습니다. 데이터가 손실되지 않게 하려면 해당 파일을 유니코드 형식으로 저장하십시오. (소스 파일 컴파일 중 ..\..\..\..\..\..\..\..\of_v0.11.2_vs2017_release\addons\ofxGui\src\ofxToggle.cpp)
C:\of_v0.11.2_vs2017_release\libs\openFrameworks\math\ofVec2f.h(1,1): warning C4819: 현재 코드 페이지(949)에서 표시할 수 없는 문자가 파일에 들어 있습니다. 데이터가 손실되지 않게 하려면 해당 파일을 유니코드 형식으로 저장하십시오. (소스 파일 컴파일 중 ..\..\..\..\..\..\..\..\of_v0.11.2_vs2017_release\addons\ofxGui\src\ofxToggle.cpp)
  Info: Boost.Config is older than your compiler version - probably nothing bad will happen - but you may wish to look for an update Boost version.  Define BOOST_CONFIG_SUPPRESS_OUTDATED_MESSAGE to suppress this message.
  main.cpp
  ofApp.cpp
  Info: Boost.Config is older than your compiler version - probably nothing bad will happen - but you may wish to look for an update Boost version.  Define BOOST_CONFIG_SUPPRESS_OUTDATED_MESSAGE to suppress this message.
  Info: Boost.Config is older than your compiler version - probably nothing bad will happen - but you may wish to look for an update Boost version.  Define BOOST_CONFIG_SUPPRESS_OUTDATED_MESSAGE to suppress this message.
C:\of_v0.11.2_vs2017_release\libs\openFrameworks\utils\ofUtils.h(1,1): warning C4819: 현재 코드 페이지(949)에서 표시할 수 없는 문자가 파일에 들어 있습니다. 데이터가 손실되지 않게 하려면 해당 파일을 유니코드 형식으로 저장하십시오. (소스 파일 컴파일 중 src\main.cpp)
C:\of_v0.11.2_vs2017_release\libs\openFrameworks\math\ofVec3f.h(1,1): warning C4819: 현재 코드 페이지(949)에서 표시할 수 없는 문자가 파일에 들어 있습니다. 데이터가 손실되지 않게 하려면 해당 파일을 유니코드 형식으로 저장하십시오. (소스 파일 컴파일 중 src\main.cpp)
C:\of_v0.11.2_vs2017_release\libs\openFrameworks\math\ofVec2f.h(1,1): warning C4819: 현재 코드 페이지(949)에서 표시할 수 없는 문자가 파일에 들어 있습니다. 데이터가 손실되지 않게 하려면 해당 파일을 유니코드 형식으로 저장하십시오. (소스 파일 컴파일 중 src\main.cpp)
C:\of_v0.11.2_vs2017_release\libs\openFrameworks\utils\ofUtils.h(1,1): warning C4819: 현재 코드 페이지(949)에서 표시할 수 없는 문자가 파일에 들어 있습니다. 데이터가 손실되지 않게 하려면 해당 파일을 유니코드 형식으로 저장하십시오. (소스 파일 컴파일 중 src\ofApp.cpp)
C:\of_v0.11.2_vs2017_release\libs\openFrameworks\math\ofVec3f.h(1,1): warning C4819: 현재 코드 페이지(949)에서 표시할 수 없는 문자가 파일에 들어 있습니다. 데이터가 손실되지 않게 하려면 해당 파일을 유니코드 형식으로 저장하십시오. (소스 파일 컴파일 중 src\ofApp.cpp)
C:\of_v0.11.2_vs2017_release\libs\openFrameworks\math\ofVec2f.h(1,1): warning C4819: 현재 코드 페이지(949)에서 표시할 수 없는 문자가 파일에 들어 있습니다. 데이터가 손실되지 않게 하려면 해당 파일을 유니코드 형식으로 저장하십시오. (소스 파일 컴파일 중 src\ofApp.cpp)
     bin\waterfallWeek1_debug.lib 라이브러리 및 bin\waterfallWeek1_debug.exp 개체를 생성하고 있습니다.
  waterfallWeek1.vcxproj -> C:\Users\home7\Documents\GitHub\CS-lab\waterfall\waterfallWeek1\waterfallWeek1\bin\waterfallWeek1_debug.exe
  
  	                   2	C:\of_v0.11.2_vs2017_release\libs\fmod\lib\vs\Win32\
  	    새 파일   		 1544704	C:\of_v0.11.2_vs2017_release\libs\fmod\lib\vs\Win32\fmod.dll
  	    새 파일   		 1733120	C:\of_v0.11.2_vs2017_release\libs\fmod\lib\vs\Win32\fmodL.dll
  
  	                   1	C:\of_v0.11.2_vs2017_release\libs\FreeImage\lib\vs\Win32\
  	  *추가 파일  		 1544704	C:\Users\home7\Documents\GitHub\CS-lab\waterfall\waterfallWeek1\waterfallWeek1\bin\fmod.dll
  	  *추가 파일  		 1733120	C:\Users\home7\Documents\GitHub\CS-lab\waterfall\waterfallWeek1\waterfallWeek1\bin\fmodL.dll
  	    새 파일   		 6018560	C:\of_v0.11.2_vs2017_release\libs\FreeImage\lib\vs\Win32\FreeImage.dll
