c:\users\home7\documents\github\cs-lab\maze\maze\maze\obj\debug\ofxwinmenu.obj
c:\users\home7\documents\github\cs-lab\maze\maze\maze\obj\debug\ofxbasegui.obj
c:\users\home7\documents\github\cs-lab\maze\maze\maze\obj\debug\ofxpanel.obj
c:\users\home7\documents\github\cs-lab\maze\maze\maze\obj\debug\ofxtoggle.obj
c:\users\home7\documents\github\cs-lab\maze\maze\maze\obj\debug\ofxguigroup.obj
c:\users\home7\documents\github\cs-lab\maze\maze\maze\obj\debug\ofxslider.obj
c:\users\home7\documents\github\cs-lab\maze\maze\maze\obj\debug\main.obj
c:\users\home7\documents\github\cs-lab\maze\maze\maze\obj\debug\ofxcolorpicker.obj
c:\users\home7\documents\github\cs-lab\maze\maze\maze\obj\debug\ofxlabel.obj
c:\users\home7\documents\github\cs-lab\maze\maze\maze\obj\debug\ofxslidergroup.obj
c:\users\home7\documents\github\cs-lab\maze\maze\maze\obj\debug\ofxbutton.obj
c:\users\home7\documents\github\cs-lab\maze\maze\maze\obj\debug\ofxinputfield.obj
c:\users\home7\documents\github\cs-lab\maze\maze\maze\obj\debug\ofapp.obj
c:\users\home7\documents\github\cs-lab\maze\maze\maze\obj\debug\vc142.pdb
c:\users\home7\documents\github\cs-lab\maze\maze\maze\bin\maze_debug.exe
c:\users\home7\documents\github\cs-lab\maze\maze\maze\bin\maze_debug.ilk
c:\users\home7\documents\github\cs-lab\maze\maze\maze\bin\maze_debug.pdb
c:\users\home7\documents\github\cs-lab\maze\maze\maze\bin\maze_debug.lib
c:\users\home7\documents\github\cs-lab\maze\maze\maze\bin\maze_debug.exp
c:\users\home7\documents\github\cs-lab\maze\maze\maze\obj\debug\icon.res
c:\users\home7\documents\github\cs-lab\maze\maze\maze\obj\debug\vc141.pdb
c:\users\home7\documents\github\cs-lab\maze\maze\maze\obj\debug\maze.tlog\cl.command.1.tlog
c:\users\home7\documents\github\cs-lab\maze\maze\maze\obj\debug\maze.tlog\cl.read.1.tlog
c:\users\home7\documents\github\cs-lab\maze\maze\maze\obj\debug\maze.tlog\cl.write.1.tlog
c:\users\home7\documents\github\cs-lab\maze\maze\maze\obj\debug\maze.tlog\link.command.1.tlog
c:\users\home7\documents\github\cs-lab\maze\maze\maze\obj\debug\maze.tlog\link.read.1.tlog
c:\users\home7\documents\github\cs-lab\maze\maze\maze\obj\debug\maze.tlog\link.write.1.tlog
c:\users\home7\documents\github\cs-lab\maze\maze\maze\obj\debug\maze.tlog\maze.write.1u.tlog
c:\users\home7\documents\github\cs-lab\maze\maze\maze\obj\debug\maze.tlog\rc.command.1.tlog
c:\users\home7\documents\github\cs-lab\maze\maze\maze\obj\debug\maze.tlog\rc.read.1.tlog
c:\users\home7\documents\github\cs-lab\maze\maze\maze\obj\debug\maze.tlog\rc.write.1.tlog
