c:\users\home7\source\repos\exercise9-1\exercise9-1\obj\debug\ofxbutton.obj
c:\users\home7\source\repos\exercise9-1\exercise9-1\obj\debug\ofxinputfield.obj
c:\users\home7\source\repos\exercise9-1\exercise9-1\obj\debug\ofxcolorpicker.obj
c:\users\home7\source\repos\exercise9-1\exercise9-1\obj\debug\ofxlabel.obj
c:\users\home7\source\repos\exercise9-1\exercise9-1\obj\debug\ofxslidergroup.obj
c:\users\home7\source\repos\exercise9-1\exercise9-1\obj\debug\ofxguigroup.obj
c:\users\home7\source\repos\exercise9-1\exercise9-1\obj\debug\ofxslider.obj
c:\users\home7\source\repos\exercise9-1\exercise9-1\obj\debug\main.obj
c:\users\home7\source\repos\exercise9-1\exercise9-1\obj\debug\ofxbasegui.obj
c:\users\home7\source\repos\exercise9-1\exercise9-1\obj\debug\ofxpanel.obj
c:\users\home7\source\repos\exercise9-1\exercise9-1\obj\debug\ofxtoggle.obj
c:\users\home7\source\repos\exercise9-1\exercise9-1\obj\debug\ofapp.obj
c:\users\home7\source\repos\exercise9-1\exercise9-1\obj\debug\vc141.pdb
c:\users\home7\source\repos\exercise9-1\exercise9-1\bin\exercise9-1_debug.lib
c:\users\home7\source\repos\exercise9-1\exercise9-1\bin\exercise9-1_debug.exp
c:\users\home7\source\repos\exercise9-1\exercise9-1\bin\exercise9-1_debug.ilk
c:\users\home7\source\repos\exercise9-1\exercise9-1\bin\exercise9-1_debug.exe
c:\users\home7\source\repos\exercise9-1\exercise9-1\bin\exercise9-1_debug.pdb
c:\users\home7\source\repos\exercise9-1\exercise9-1\obj\debug\icon.res
c:\users\home7\source\repos\exercise9-1\exercise9-1\obj\debug\exercise9-1.tlog\cl.21888.write.1.tlog
c:\users\home7\source\repos\exercise9-1\exercise9-1\obj\debug\exercise9-1.tlog\cl.command.1.tlog
c:\users\home7\source\repos\exercise9-1\exercise9-1\obj\debug\exercise9-1.tlog\cl.read.1.tlog
c:\users\home7\source\repos\exercise9-1\exercise9-1\obj\debug\exercise9-1.tlog\exercise9-1.write.1u.tlog
c:\users\home7\source\repos\exercise9-1\exercise9-1\obj\debug\exercise9-1.tlog\link.command.1.tlog
c:\users\home7\source\repos\exercise9-1\exercise9-1\obj\debug\exercise9-1.tlog\link.read.1.tlog
c:\users\home7\source\repos\exercise9-1\exercise9-1\obj\debug\exercise9-1.tlog\link.write.1.tlog
c:\users\home7\source\repos\exercise9-1\exercise9-1\obj\debug\exercise9-1.tlog\rc.command.1.tlog
c:\users\home7\source\repos\exercise9-1\exercise9-1\obj\debug\exercise9-1.tlog\rc.read.1.tlog
c:\users\home7\source\repos\exercise9-1\exercise9-1\obj\debug\exercise9-1.tlog\rc.write.1.tlog
