c:\users\home7\source\repos\exercise9-3\exercise9-3\obj\debug\ofxguigroup.obj
c:\users\home7\source\repos\exercise9-3\exercise9-3\obj\debug\ofxslider.obj
c:\users\home7\source\repos\exercise9-3\exercise9-3\obj\debug\ofxbasegui.obj
c:\users\home7\source\repos\exercise9-3\exercise9-3\obj\debug\ofxpanel.obj
c:\users\home7\source\repos\exercise9-3\exercise9-3\obj\debug\ofxtoggle.obj
c:\users\home7\source\repos\exercise9-3\exercise9-3\obj\debug\ofapp.obj
c:\users\home7\source\repos\exercise9-3\exercise9-3\obj\debug\ofxbutton.obj
c:\users\home7\source\repos\exercise9-3\exercise9-3\obj\debug\ofxinputfield.obj
c:\users\home7\source\repos\exercise9-3\exercise9-3\obj\debug\main.obj
c:\users\home7\source\repos\exercise9-3\exercise9-3\obj\debug\ofxcolorpicker.obj
c:\users\home7\source\repos\exercise9-3\exercise9-3\obj\debug\ofxlabel.obj
c:\users\home7\source\repos\exercise9-3\exercise9-3\obj\debug\ofxslidergroup.obj
c:\users\home7\source\repos\exercise9-3\exercise9-3\obj\debug\vc141.pdb
c:\users\home7\source\repos\exercise9-3\exercise9-3\bin\exercise9-3_debug.lib
c:\users\home7\source\repos\exercise9-3\exercise9-3\bin\exercise9-3_debug.exp
c:\users\home7\source\repos\exercise9-3\exercise9-3\bin\exercise9-3_debug.exe
c:\users\home7\source\repos\exercise9-3\exercise9-3\bin\exercise9-3_debug.ilk
c:\users\home7\source\repos\exercise9-3\exercise9-3\bin\exercise9-3_debug.pdb
c:\users\home7\source\repos\exercise9-3\exercise9-3\obj\debug\icon.res
c:\users\home7\source\repos\exercise9-3\exercise9-3\obj\debug\exercise9-3.tlog\cl.command.1.tlog
c:\users\home7\source\repos\exercise9-3\exercise9-3\obj\debug\exercise9-3.tlog\cl.read.1.tlog
c:\users\home7\source\repos\exercise9-3\exercise9-3\obj\debug\exercise9-3.tlog\cl.write.1.tlog
c:\users\home7\source\repos\exercise9-3\exercise9-3\obj\debug\exercise9-3.tlog\exercise9-3.write.1u.tlog
c:\users\home7\source\repos\exercise9-3\exercise9-3\obj\debug\exercise9-3.tlog\link.command.1.tlog
c:\users\home7\source\repos\exercise9-3\exercise9-3\obj\debug\exercise9-3.tlog\link.read.1.tlog
c:\users\home7\source\repos\exercise9-3\exercise9-3\obj\debug\exercise9-3.tlog\link.write.1.tlog
c:\users\home7\source\repos\exercise9-3\exercise9-3\obj\debug\exercise9-3.tlog\rc.command.1.tlog
c:\users\home7\source\repos\exercise9-3\exercise9-3\obj\debug\exercise9-3.tlog\rc.read.1.tlog
c:\users\home7\source\repos\exercise9-3\exercise9-3\obj\debug\exercise9-3.tlog\rc.write.1.tlog
